c:\users\이준성\source\repos\프로젝트 실행\프로젝트 실행\debug\프로젝트 실행.pch
c:\users\이준성\source\repos\프로젝트 실행\프로젝트 실행\debug\vc141.pdb
c:\users\이준성\source\repos\프로젝트 실행\프로젝트 실행\debug\vc141.idb
c:\users\이준성\source\repos\프로젝트 실행\프로젝트 실행\debug\stdafx.obj
c:\users\이준성\source\repos\프로젝트 실행\프로젝트 실행\debug\dice.obj
c:\users\이준성\source\repos\프로젝트 실행\프로젝트 실행\debug\make_maze.obj
c:\users\이준성\source\repos\프로젝트 실행\프로젝트 실행\debug\main.obj
c:\users\이준성\source\repos\프로젝트 실행\debug\프로젝트 실행.ilk
c:\users\이준성\source\repos\프로젝트 실행\debug\프로젝트 실행.exe
c:\users\이준성\source\repos\프로젝트 실행\debug\프로젝트 실행.pdb
c:\users\이준성\desktop\새 폴더\study file\myface\maze_make\프로젝트 실행\debug\dice.obj
c:\users\이준성\desktop\새 폴더\study file\myface\maze_make\프로젝트 실행\debug\main.obj
c:\users\이준성\desktop\새 폴더\study file\myface\maze_make\프로젝트 실행\debug\make_maze.obj
c:\users\이준성\desktop\새 폴더\study file\myface\maze_make\프로젝트 실행\debug\stdafx.obj
c:\users\이준성\desktop\새 폴더\study file\myface\maze_make\프로젝트 실행\debug\프로젝트 실행.pch
c:\users\이준성\desktop\새 폴더\study file\myface\maze_make\프로젝트 실행\debug\vc141.idb
c:\users\이준성\desktop\새 폴더\study file\myface\maze_make\프로젝트 실행\debug\vc141.pdb
c:\users\이준성\desktop\새 폴더\study file\myface\maze_make\debug\프로젝트 실행.pdb
c:\users\이준성\desktop\새 폴더\study file\myface\maze_make\debug\프로젝트 실행.exe
c:\users\이준성\desktop\새 폴더\study file\myface\maze_make\debug\프로젝트 실행.ilk
c:\users\이준성\desktop\새 폴더\study file\myface\maze_make\프로젝트 실행\debug\프로젝트 실행.tlog\cl.command.1.tlog
c:\users\이준성\desktop\새 폴더\study file\myface\maze_make\프로젝트 실행\debug\프로젝트 실행.tlog\cl.read.1.tlog
c:\users\이준성\desktop\새 폴더\study file\myface\maze_make\프로젝트 실행\debug\프로젝트 실행.tlog\cl.write.1.tlog
c:\users\이준성\desktop\새 폴더\study file\myface\maze_make\프로젝트 실행\debug\프로젝트 실행.tlog\link.command.1.tlog
c:\users\이준성\desktop\새 폴더\study file\myface\maze_make\프로젝트 실행\debug\프로젝트 실행.tlog\link.read.1.tlog
c:\users\이준성\desktop\새 폴더\study file\myface\maze_make\프로젝트 실행\debug\프로젝트 실행.tlog\link.write.1.tlog
